Running script: scripts/example_script.pl
Running script: scripts/another_script.pl
Running script: scripts/example_script.pl
Running script: scripts/another_script.pl
[2025-05-26 07:54:00][INFO] Starting script execution: Example Script
[2025-05-26 07:54:00][ERROR] Script not executable: scripts/example_script.pl. Suggestion: Run 'chmod +x scripts/example_script.pl'
[2025-05-26 07:54:00][INFO] Starting script execution: Another Script
[2025-05-26 07:54:00][ERROR] Script not executable: scripts/another_script.pl. Suggestion: Run 'chmod +x scripts/another_script.pl'
[2025-05-26 07:54:25][INFO] Starting script execution: Example Script
[2025-05-26 07:54:25][ERROR] Script not executable: scripts/example_script.pl. Suggestion: Run 'chmod +x scripts/example_script.pl'
[2025-05-26 07:54:25][INFO] Starting script execution: Another Script
[2025-05-26 07:54:25][ERROR] Script not executable: scripts/another_script.pl. Suggestion: Run 'chmod +x scripts/another_script.pl'
[2025-05-26 07:54:33][INFO] Starting script execution: Example Script
[2025-05-26 07:54:33][ERROR] Script not executable: scripts/example_script.pl. Suggestion: Run 'chmod +x scripts/example_script.pl'
[2025-05-26 07:54:33][INFO] Starting script execution: Another Script
[2025-05-26 07:54:33][ERROR] Script not executable: scripts/another_script.pl. Suggestion: Run 'chmod +x scripts/another_script.pl'
[2025-05-26 07:54:54][INFO] Starting script execution: Example Script
[2025-05-26 07:54:54][ERROR] Script not executable: scripts/example_script.pl. Suggestion: Run 'chmod +x scripts/example_script.pl'
[2025-05-26 07:54:54][INFO] Starting script execution: Another Script
[2025-05-26 07:54:54][ERROR] Script not executable: scripts/another_script.pl. Suggestion: Run 'chmod +x scripts/another_script.pl'
[2025-05-26 08:01:54][INFO] Starting script execution: Example Script
[2025-05-26 08:01:54][ERROR] Script not executable: scripts/example_script.pl. Suggestion: Run 'chmod +x scripts/example_script.pl'
[2025-05-26 08:01:54][INFO] Starting script execution: Another Script
[2025-05-26 08:01:54][ERROR] Script not executable: scripts/another_script.pl. Suggestion: Run 'chmod +x scripts/another_script.pl'
[2025-05-26 08:02:24][INFO] Starting script execution: Example Script
[2025-05-26 08:02:24][ERROR] Script not executable: scripts/example_script.pl. Suggestion: Run 'chmod +x scripts/example_script.pl'
[2025-05-26 08:02:24][INFO] Starting script execution: Another Script
[2025-05-26 08:02:24][ERROR] Script not executable: scripts/another_script.pl. Suggestion: Run 'chmod +x scripts/another_script.pl'
